生成启动时间为 2017/11/27 16:39:11。
     1>项目“C:\cocos2d-x-2.2.6\projects\PlaneOnClass\proj.win32\PlaneOnClass.vcxproj”在节点 4 上(Build 个目标)。
     1>PreLinkEvent:
         if not exist "C:\cocos2d-x-2.2.6\projects\PlaneOnClass\proj.win32\Debug.win32\" mkdir "C:\cocos2d-x-2.2.6\projects\PlaneOnClass\proj.win32\Debug.win32\"
         xcopy /Y /Q "C:\cocos2d-x-2.2.6\projects\PlaneOnClass\proj.win32\..\..\..\external\libwebsockets\win32\lib\*.*" "C:\cocos2d-x-2.2.6\projects\PlaneOnClass\proj.win32\Debug.win32\"
         :VCEnd
         复制了 2 个文件
       Link:
         D:\Program Files (x86)\Microsoft Visual Studio 12.0\VC\bin\link.exe /ERRORREPORT:PROMPT /OUT:"C:\cocos2d-x-2.2.6\projects\PlaneOnClass\proj.win32\Debug.win32\PlaneOnClass.exe" /INCREMENTAL /NOLOGO /LIBPATH:"C:\cocos2d-x-2.2.6\projects\PlaneOnClass\proj.win32\Debug.win32\\" libExtensions.lib libcocos2d.lib libCocosDenshion.lib opengl32.lib glew32.lib libBox2d.lib libchipmunk.lib libcurl_imp.lib pthreadVCE2.lib websockets.lib ws2_32.lib Kinect20.lib opencv_ml249d.lib opencv_calib3d249d.lib opencv_contrib249d.lib opencv_core249d.lib opencv_features2d249d.lib opencv_flann249d.lib opencv_gpu249d.lib opencv_highgui249d.lib opencv_imgproc249d.lib opencv_legacy249d.lib opencv_objdetect249d.lib opencv_ts249d.lib opencv_video249d.lib opencv_nonfree249d.lib opencv_ocl249d.lib opencv_photo249d.lib opencv_stitching249d.lib opencv_superres249d.lib opencv_videostab249d.lib opencv_objdetect249.lib opencv_ts249.lib opencv_video249.lib opencv_nonfree249.lib opencv_ocl249.lib opencv_photo249.lib opencv_stitching249.lib opencv_superres249.lib opencv_videostab249.lib opencv_calib3d249.lib opencv_contrib249.lib opencv_core249.lib opencv_features2d249.lib opencv_flann249.lib opencv_gpu249.lib opencv_highgui249.lib opencv_imgproc249.lib opencv_legacy249.lib opencv_ml249.lib kernel32.lib user32.lib gdi32.lib winspool.lib comdlg32.lib advapi32.lib shell32.lib ole32.lib oleaut32.lib uuid.lib odbc32.lib odbccp32.lib /MANIFEST /MANIFESTUAC:"level='asInvoker' uiAccess='false'" /manifest:embed /DEBUG /PDB:"C:\cocos2d-x-2.2.6\projects\PlaneOnClass\proj.win32\Debug.win32\PlaneOnClass.pdb" /SUBSYSTEM:WINDOWS,"5.01" /TLBID:1 /DYNAMICBASE /NXCOMPAT /IMPLIB:"C:\cocos2d-x-2.2.6\projects\PlaneOnClass\proj.win32\Debug.win32\PlaneOnClass.lib" /MACHINE:X86 /SAFESEH Debug.win32\AppDelegate.obj
         Debug.win32\Enemy.obj
         Debug.win32\KinectControl.obj
         Debug.win32\LayerBullet.obj
         Debug.win32\LayerControl.obj
         Debug.win32\LayerEnemy.obj
         Debug.win32\LayerFood.obj
         Debug.win32\LayerGameMain.obj
         Debug.win32\LayerGameOver.obj
         Debug.win32\LayerGameStart.obj
         Debug.win32\Plane.obj
         Debug.win32\main.obj
         "C:\cocos2d-x-2.2.6\projects\PlaneOnClass\proj.win32\Debug.win32\libcocos2d.lib"
         "C:\cocos2d-x-2.2.6\projects\PlaneOnClass\proj.win32\Debug.win32\libCocosDenshion.lib"
         "C:\cocos2d-x-2.2.6\projects\PlaneOnClass\proj.win32\Debug.win32\libExtensions.lib"
         "C:\cocos2d-x-2.2.6\projects\PlaneOnClass\proj.win32\Debug.win32\libBox2D.lib"
         "C:\cocos2d-x-2.2.6\projects\PlaneOnClass\proj.win32\Debug.win32\libchipmunk.lib"
     1>AppDelegate.obj : warning LNK4075: 忽略“/EDITANDCONTINUE”(由于“/SAFESEH”规范)
         PlaneOnClass.vcxproj -> C:\cocos2d-x-2.2.6\projects\PlaneOnClass\proj.win32\Debug.win32\PlaneOnClass.exe
     1>已完成生成项目“C:\cocos2d-x-2.2.6\projects\PlaneOnClass\proj.win32\PlaneOnClass.vcxproj”(Build 个目标)的操作。

生成成功。

已用时间 00:00:00.85
